The system is: CYGWIN - 3.1.6(0.340/5/3) - x86_64
Compiling the C compiler identification source file "CMakeCCompilerId.c" succeeded.
Compiler: /usr/bin/clang 
Build flags: 
Id flags:  

The output was:
0


Compilation of the C compiler identification source "CMakeCCompilerId.c" produced "a.exe"

The C compiler identification is Clang, found in "/cygdrive/d/compile/jerryscript-2.3.0/build/CMakeFiles/3.17.3/CompilerIdC/a.exe"

Determining if the C compiler works passed with the following output:
Change Dir: /cygdrive/d/compile/jerryscript-2.3.0/build/CMakeFiles/CMakeTmp

Run Build Command(s):/usr/bin/make.exe cmTC_af9da/fast && /usr/bin/make  -f CMakeFiles/cmTC_af9da.dir/build.make CMakeFiles/cmTC_af9da.dir/build
make[1]: 进入目录“/cygdrive/d/compile/jerryscript-2.3.0/build/CMakeFiles/CMakeTmp”
Building C object CMakeFiles/cmTC_af9da.dir/testCCompiler.c.o
/usr/bin/clang    -o CMakeFiles/cmTC_af9da.dir/testCCompiler.c.o   -c /cygdrive/d/compile/jerryscript-2.3.0/build/CMakeFiles/CMakeTmp/testCCompiler.c
Linking C executable cmTC_af9da.exe
/usr/bin/cmake.exe -E cmake_link_script CMakeFiles/cmTC_af9da.dir/link.txt --verbose=1
/usr/bin/clang    -Wl,--enable-auto-import  CMakeFiles/cmTC_af9da.dir/testCCompiler.c.o  -o cmTC_af9da.exe -Wl,--out-implib,libcmTC_af9da.dll.a -Wl,--major-image-version,0,--minor-image-version,0 
make[1]: 离开目录“/cygdrive/d/compile/jerryscript-2.3.0/build/CMakeFiles/CMakeTmp”



Detecting C compiler ABI info compiled with the following output:
Change Dir: /cygdrive/d/compile/jerryscript-2.3.0/build/CMakeFiles/CMakeTmp

Run Build Command(s):/usr/bin/make.exe cmTC_300e1/fast && /usr/bin/make  -f CMakeFiles/cmTC_300e1.dir/build.make CMakeFiles/cmTC_300e1.dir/build
make[1]: Entering directory '/cygdrive/d/compile/jerryscript-2.3.0/build/CMakeFiles/CMakeTmp'
Building C object CMakeFiles/cmTC_300e1.dir/CMakeCCompilerABI.c.o
/usr/bin/clang   -v -o CMakeFiles/cmTC_300e1.dir/CMakeCCompilerABI.c.o   -c /usr/share/cmake-3.17.3/Modules/CMakeCCompilerABI.c
clang version 8.0.1 (tags/RELEASE_801/final)
Target: x86_64-unknown-windows-cygnus
Thread model: posix
InstalledDir: /usr/bin
 "/usr/bin/clang-8" -cc1 -triple x86_64-unknown-windows-cygnus -emit-obj -mrelax-all -disable-free -disable-llvm-verifier -discard-value-names -main-file-name CMakeCCompilerABI.c -mrelocation-model pic -pic-level 2 -mthread-model posix -fmath-errno -masm-verbose -mconstructor-aliases -munwind-tables -target-cpu x86-64 -dwarf-column-info -debugger-tuning=gdb -momit-leaf-frame-pointer -v -coverage-notes-file /cygdrive/d/compile/jerryscript-2.3.0/build/CMakeFiles/CMakeTmp/CMakeFiles/cmTC_300e1.dir/CMakeCCompilerABI.c.gcno -resource-dir /usr/lib/clang/8.0.1 -internal-isystem /usr/lib/clang/8.0.1/include -internal-isystem /usr/local/include -internal-isystem /usr/lib/clang/8.0.1/include -internal-isystem /usr/x86_64-pc-cygwin/include -internal-isystem /usr/include -internal-isystem /usr/include/w32api -fdebug-compilation-dir /cygdrive/d/compile/jerryscript-2.3.0/build/CMakeFiles/CMakeTmp -ferror-limit 19 -fmessage-length 0 -fobjc-runtime=gcc -fseh-exceptions -fdiagnostics-show-option -o CMakeFiles/cmTC_300e1.dir/CMakeCCompilerABI.c.o -x c /usr/share/cmake-3.17.3/Modules/CMakeCCompilerABI.c -faddrsig
clang -cc1 version 8.0.1 based upon LLVM 8.0.1 default target x86_64-unknown-cygwin
ignoring nonexistent directory "/usr/x86_64-pc-cygwin/include"
ignoring duplicate directory "/usr/lib/clang/8.0.1/include"
#include "..." search starts here:
#include <...> search starts here:
 /usr/lib/clang/8.0.1/include
 /usr/local/include
 /usr/include
 /usr/include/w32api
End of search list.
Linking C executable cmTC_300e1.exe
/usr/bin/cmake.exe -E cmake_link_script CMakeFiles/cmTC_300e1.dir/link.txt --verbose=1
/usr/bin/clang    -Wl,--enable-auto-import -v CMakeFiles/cmTC_300e1.dir/CMakeCCompilerABI.c.o  -o cmTC_300e1.exe -Wl,--out-implib,libcmTC_300e1.dll.a -Wl,--major-image-version,0,--minor-image-version,0 
clang version 8.0.1 (tags/RELEASE_801/final)
Target: x86_64-unknown-windows-cygnus
Thread model: posix
InstalledDir: /usr/bin
 "/usr/bin/ld" -m i386pep --wrap _Znwm --wrap _Znam --wrap _ZnwmRKSt9nothrow_t --wrap _ZnamRKSt9nothrow_t --wrap _ZdlPv --wrap _ZdaPv --wrap _ZdlPvRKSt9nothrow_t --wrap _ZdaPvKSt9nothrow_t -Bdynamic --tsaware -o cmTC_300e1.exe /usr/lib/crt0.o /usr/lib/gcc/x86_64-pc-cygwin/9.3.0/crtbegin.o -L/usr/lib/gcc/x86_64-pc-cygwin/9.3.0 -L/usr/x86_64-pc-cygwin/lib -L/usr/lib -L/usr/lib/w32api --enable-auto-import CMakeFiles/cmTC_300e1.dir/CMakeCCompilerABI.c.o --out-implib libcmTC_300e1.dll.a --major-image-version 0 --minor-image-version 0 -lgcc_s -lgcc -lcygwin -ladvapi32 -lshell32 -luser32 -lkernel32 /usr/lib/default-manifest.o /usr/lib/gcc/x86_64-pc-cygwin/9.3.0/crtend.o
make[1]: Leaving directory '/cygdrive/d/compile/jerryscript-2.3.0/build/CMakeFiles/CMakeTmp'



Parsed C implicit include dir info from above output: rv=done
  found start of include info
  found start of implicit include info
    add: [/usr/lib/clang/8.0.1/include]
    add: [/usr/local/include]
    add: [/usr/include]
    add: [/usr/include/w32api]
  end of search list found
  collapse include dir [/usr/lib/clang/8.0.1/include] ==> [/usr/lib/clang/8.0.1/include]
  collapse include dir [/usr/local/include] ==> [/usr/local/include]
  collapse include dir [/usr/include] ==> [/usr/include]
  collapse include dir [/usr/include/w32api] ==> [/usr/include/w32api]
  implicit include dirs: [/usr/lib/clang/8.0.1/include;/usr/local/include;/usr/include;/usr/include/w32api]


Parsed C implicit link information from above output:
  link line regex: [^( *|.*[/\])(ld\.exe|CMAKE_LINK_STARTFILE-NOTFOUND|([^/\]+-)?ld|collect2)[^/\]*( |$)]
  ignore line: [Change Dir: /cygdrive/d/compile/jerryscript-2.3.0/build/CMakeFiles/CMakeTmp]
  ignore line: []
  ignore line: [Run Build Command(s):/usr/bin/make.exe cmTC_300e1/fast && /usr/bin/make  -f CMakeFiles/cmTC_300e1.dir/build.make CMakeFiles/cmTC_300e1.dir/build]
  ignore line: [make[1]: Entering directory '/cygdrive/d/compile/jerryscript-2.3.0/build/CMakeFiles/CMakeTmp']
  ignore line: [Building C object CMakeFiles/cmTC_300e1.dir/CMakeCCompilerABI.c.o]
  ignore line: [/usr/bin/clang   -v -o CMakeFiles/cmTC_300e1.dir/CMakeCCompilerABI.c.o   -c /usr/share/cmake-3.17.3/Modules/CMakeCCompilerABI.c]
  ignore line: [clang version 8.0.1 (tags/RELEASE_801/final)]
  ignore line: [Target: x86_64-unknown-windows-cygnus]
  ignore line: [Thread model: posix]
  ignore line: [InstalledDir: /usr/bin]
  ignore line: [ "/usr/bin/clang-8" -cc1 -triple x86_64-unknown-windows-cygnus -emit-obj -mrelax-all -disable-free -disable-llvm-verifier -discard-value-names -main-file-name CMakeCCompilerABI.c -mrelocation-model pic -pic-level 2 -mthread-model posix -fmath-errno -masm-verbose -mconstructor-aliases -munwind-tables -target-cpu x86-64 -dwarf-column-info -debugger-tuning=gdb -momit-leaf-frame-pointer -v -coverage-notes-file /cygdrive/d/compile/jerryscript-2.3.0/build/CMakeFiles/CMakeTmp/CMakeFiles/cmTC_300e1.dir/CMakeCCompilerABI.c.gcno -resource-dir /usr/lib/clang/8.0.1 -internal-isystem /usr/lib/clang/8.0.1/include -internal-isystem /usr/local/include -internal-isystem /usr/lib/clang/8.0.1/include -internal-isystem /usr/x86_64-pc-cygwin/include -internal-isystem /usr/include -internal-isystem /usr/include/w32api -fdebug-compilation-dir /cygdrive/d/compile/jerryscript-2.3.0/build/CMakeFiles/CMakeTmp -ferror-limit 19 -fmessage-length 0 -fobjc-runtime=gcc -fseh-exceptions -fdiagnostics-show-option -o CMakeFiles/cmTC_300e1.dir/CMakeCCompilerABI.c.o -x c /usr/share/cmake-3.17.3/Modules/CMakeCCompilerABI.c -faddrsig]
  ignore line: [clang -cc1 version 8.0.1 based upon LLVM 8.0.1 default target x86_64-unknown-cygwin]
  ignore line: [ignoring nonexistent directory "/usr/x86_64-pc-cygwin/include"]
  ignore line: [ignoring duplicate directory "/usr/lib/clang/8.0.1/include"]
  ignore line: [#include "..." search starts here:]
  ignore line: [#include <...> search starts here:]
  ignore line: [ /usr/lib/clang/8.0.1/include]
  ignore line: [ /usr/local/include]
  ignore line: [ /usr/include]
  ignore line: [ /usr/include/w32api]
  ignore line: [End of search list.]
  ignore line: [Linking C executable cmTC_300e1.exe]
  ignore line: [/usr/bin/cmake.exe -E cmake_link_script CMakeFiles/cmTC_300e1.dir/link.txt --verbose=1]
  ignore line: [/usr/bin/clang    -Wl --enable-auto-import -v CMakeFiles/cmTC_300e1.dir/CMakeCCompilerABI.c.o  -o cmTC_300e1.exe -Wl --out-implib libcmTC_300e1.dll.a -Wl --major-image-version 0 --minor-image-version 0 ]
  ignore line: [clang version 8.0.1 (tags/RELEASE_801/final)]
  ignore line: [Target: x86_64-unknown-windows-cygnus]
  ignore line: [Thread model: posix]
  ignore line: [InstalledDir: /usr/bin]
  link line: [ "/usr/bin/ld" -m i386pep --wrap _Znwm --wrap _Znam --wrap _ZnwmRKSt9nothrow_t --wrap _ZnamRKSt9nothrow_t --wrap _ZdlPv --wrap _ZdaPv --wrap _ZdlPvRKSt9nothrow_t --wrap _ZdaPvKSt9nothrow_t -Bdynamic --tsaware -o cmTC_300e1.exe /usr/lib/crt0.o /usr/lib/gcc/x86_64-pc-cygwin/9.3.0/crtbegin.o -L/usr/lib/gcc/x86_64-pc-cygwin/9.3.0 -L/usr/x86_64-pc-cygwin/lib -L/usr/lib -L/usr/lib/w32api --enable-auto-import CMakeFiles/cmTC_300e1.dir/CMakeCCompilerABI.c.o --out-implib libcmTC_300e1.dll.a --major-image-version 0 --minor-image-version 0 -lgcc_s -lgcc -lcygwin -ladvapi32 -lshell32 -luser32 -lkernel32 /usr/lib/default-manifest.o /usr/lib/gcc/x86_64-pc-cygwin/9.3.0/crtend.o]
    arg [/usr/bin/ld] ==> ignore
    arg [-m] ==> ignore
    arg [i386pep] ==> ignore
    arg [--wrap] ==> ignore
    arg [_Znwm] ==> ignore
    arg [--wrap] ==> ignore
    arg [_Znam] ==> ignore
    arg [--wrap] ==> ignore
    arg [_ZnwmRKSt9nothrow_t] ==> ignore
    arg [--wrap] ==> ignore
    arg [_ZnamRKSt9nothrow_t] ==> ignore
    arg [--wrap] ==> ignore
    arg [_ZdlPv] ==> ignore
    arg [--wrap] ==> ignore
    arg [_ZdaPv] ==> ignore
    arg [--wrap] ==> ignore
    arg [_ZdlPvRKSt9nothrow_t] ==> ignore
    arg [--wrap] ==> ignore
    arg [_ZdaPvKSt9nothrow_t] ==> ignore
    arg [-Bdynamic] ==> ignore
    arg [--tsaware] ==> ignore
    arg [-o] ==> ignore
    arg [cmTC_300e1.exe] ==> ignore
    arg [/usr/lib/crt0.o] ==> ignore
    arg [/usr/lib/gcc/x86_64-pc-cygwin/9.3.0/crtbegin.o] ==> ignore
    arg [-L/usr/lib/gcc/x86_64-pc-cygwin/9.3.0] ==> dir [/usr/lib/gcc/x86_64-pc-cygwin/9.3.0]
    arg [-L/usr/x86_64-pc-cygwin/lib] ==> dir [/usr/x86_64-pc-cygwin/lib]
    arg [-L/usr/lib] ==> dir [/usr/lib]
    arg [-L/usr/lib/w32api] ==> dir [/usr/lib/w32api]
    arg [--enable-auto-import] ==> ignore
    arg [CMakeFiles/cmTC_300e1.dir/CMakeCCompilerABI.c.o] ==> ignore
    arg [--out-implib] ==> ignore
    arg [libcmTC_300e1.dll.a] ==> ignore
    arg [--major-image-version] ==> ignore
    arg [0] ==> ignore
    arg [--minor-image-version] ==> ignore
    arg [0] ==> ignore
    arg [-lgcc_s] ==> lib [gcc_s]
    arg [-lgcc] ==> lib [gcc]
    arg [-lcygwin] ==> lib [cygwin]
    arg [-ladvapi32] ==> lib [advapi32]
    arg [-lshell32] ==> lib [shell32]
    arg [-luser32] ==> lib [user32]
    arg [-lkernel32] ==> lib [kernel32]
    arg [/usr/lib/default-manifest.o] ==> ignore
    arg [/usr/lib/gcc/x86_64-pc-cygwin/9.3.0/crtend.o] ==> ignore
  collapse library dir [/usr/lib/gcc/x86_64-pc-cygwin/9.3.0] ==> [/usr/lib/gcc/x86_64-pc-cygwin/9.3.0]
  collapse library dir [/usr/x86_64-pc-cygwin/lib] ==> [/usr/x86_64-pc-cygwin/lib]
  collapse library dir [/usr/lib] ==> [/usr/lib]
  collapse library dir [/usr/lib/w32api] ==> [/usr/lib/w32api]
  implicit libs: [gcc_s;gcc;cygwin;advapi32;shell32;user32;kernel32]
  implicit dirs: [/usr/lib/gcc/x86_64-pc-cygwin/9.3.0;/usr/x86_64-pc-cygwin/lib;/usr/lib;/usr/lib/w32api]
  implicit fwks: []


Performing C SOURCE FILE Test HAVE_TM_GMTOFF succeeded with the following output:
Change Dir: /cygdrive/d/compile/jerryscript-2.3.0/build/CMakeFiles/CMakeTmp

Run Build Command(s):/usr/bin/make.exe cmTC_6e2ac/fast && /usr/bin/make  -f CMakeFiles/cmTC_6e2ac.dir/build.make CMakeFiles/cmTC_6e2ac.dir/build
make[1]: 进入目录“/cygdrive/d/compile/jerryscript-2.3.0/build/CMakeFiles/CMakeTmp”
Building C object CMakeFiles/cmTC_6e2ac.dir/src.c.o
/usr/bin/clang   -std=c99 -pedantic -fno-builtin -fno-stack-protector -Wall -Werror=all -Wextra -Werror=extra -Wformat-nonliteral -Werror=format-nonliteral -Winit-self -Werror=init-self -Wconversion -Werror=conversion -Wsign-conversion -Werror=sign-conversion -Wformat-security -Werror=format-security -Wmissing-declarations -Werror=missing-declarations -Wshadow -Werror=shadow -Wstrict-prototypes -Werror=strict-prototypes -Wundef -Werror=undef -Wold-style-definition -Werror=old-style-definition -Wno-stack-protector -Wno-attributes -Werror -Wno-nested-anon-types -Wno-static-in-inline -DHAVE_TM_GMTOFF -Wno-error=strict-prototypes -Wno-error=old-style-definition   -D_BSD_SOURCE -D_DEFAULT_SOURCE -o CMakeFiles/cmTC_6e2ac.dir/src.c.o   -c /cygdrive/d/compile/jerryscript-2.3.0/build/CMakeFiles/CMakeTmp/src.c
Linking C executable cmTC_6e2ac.exe
/usr/bin/cmake.exe -E cmake_link_script CMakeFiles/cmTC_6e2ac.dir/link.txt --verbose=1
/usr/bin/clang  -std=c99 -pedantic -fno-builtin -fno-stack-protector -Wall -Werror=all -Wextra -Werror=extra -Wformat-nonliteral -Werror=format-nonliteral -Winit-self -Werror=init-self -Wconversion -Werror=conversion -Wsign-conversion -Werror=sign-conversion -Wformat-security -Werror=format-security -Wmissing-declarations -Werror=missing-declarations -Wshadow -Werror=shadow -Wstrict-prototypes -Werror=strict-prototypes -Wundef -Werror=undef -Wold-style-definition -Werror=old-style-definition -Wno-stack-protector -Wno-attributes -Werror -Wno-nested-anon-types -Wno-static-in-inline -DHAVE_TM_GMTOFF -Wno-error=strict-prototypes -Wno-error=old-style-definition  -Wl,--enable-auto-import  CMakeFiles/cmTC_6e2ac.dir/src.c.o  -o cmTC_6e2ac.exe -Wl,--out-implib,libcmTC_6e2ac.dll.a -Wl,--major-image-version,0,--minor-image-version,0 
make[1]: 离开目录“/cygdrive/d/compile/jerryscript-2.3.0/build/CMakeFiles/CMakeTmp”


Source file was:

#include <time.h>

int main()
{
  (void)sizeof(((struct tm *)0)->tm_gmtoff);
  return 0;
}

Determining if files time.h exist passed with the following output:
Change Dir: /cygdrive/d/compile/jerryscript-2.3.0/build/CMakeFiles/CMakeTmp

Run Build Command(s):/usr/bin/make.exe cmTC_faa53/fast && /usr/bin/make  -f CMakeFiles/cmTC_faa53.dir/build.make CMakeFiles/cmTC_faa53.dir/build
make[1]: 进入目录“/cygdrive/d/compile/jerryscript-2.3.0/build/CMakeFiles/CMakeTmp”
Building C object CMakeFiles/cmTC_faa53.dir/HAVE_TIME_H.c.o
/usr/bin/clang   -std=c99 -pedantic -fno-builtin -fno-stack-protector -Wall -Werror=all -Wextra -Werror=extra -Wformat-nonliteral -Werror=format-nonliteral -Winit-self -Werror=init-self -Wconversion -Werror=conversion -Wsign-conversion -Werror=sign-conversion -Wformat-security -Werror=format-security -Wmissing-declarations -Werror=missing-declarations -Wshadow -Werror=shadow -Wstrict-prototypes -Werror=strict-prototypes -Wundef -Werror=undef -Wold-style-definition -Werror=old-style-definition -Wno-stack-protector -Wno-attributes -Werror -Wno-nested-anon-types -Wno-static-in-inline -Wno-error=strict-prototypes -Wno-error=old-style-definition   -D_BSD_SOURCE -D_DEFAULT_SOURCE -o CMakeFiles/cmTC_faa53.dir/HAVE_TIME_H.c.o   -c /cygdrive/d/compile/jerryscript-2.3.0/build/CMakeFiles/CheckIncludeFiles/HAVE_TIME_H.c
Linking C executable cmTC_faa53.exe
/usr/bin/cmake.exe -E cmake_link_script CMakeFiles/cmTC_faa53.dir/link.txt --verbose=1
/usr/bin/clang  -std=c99 -pedantic -fno-builtin -fno-stack-protector -Wall -Werror=all -Wextra -Werror=extra -Wformat-nonliteral -Werror=format-nonliteral -Winit-self -Werror=init-self -Wconversion -Werror=conversion -Wsign-conversion -Werror=sign-conversion -Wformat-security -Werror=format-security -Wmissing-declarations -Werror=missing-declarations -Wshadow -Werror=shadow -Wstrict-prototypes -Werror=strict-prototypes -Wundef -Werror=undef -Wold-style-definition -Werror=old-style-definition -Wno-stack-protector -Wno-attributes -Werror -Wno-nested-anon-types -Wno-static-in-inline -Wno-error=strict-prototypes -Wno-error=old-style-definition  -Wl,--enable-auto-import  CMakeFiles/cmTC_faa53.dir/HAVE_TIME_H.c.o  -o cmTC_faa53.exe -Wl,--out-implib,libcmTC_faa53.dll.a -Wl,--major-image-version,0,--minor-image-version,0 
make[1]: 离开目录“/cygdrive/d/compile/jerryscript-2.3.0/build/CMakeFiles/CMakeTmp”



Determining if files unistd.h exist passed with the following output:
Change Dir: /cygdrive/d/compile/jerryscript-2.3.0/build/CMakeFiles/CMakeTmp

Run Build Command(s):/usr/bin/make.exe cmTC_0dac5/fast && /usr/bin/make  -f CMakeFiles/cmTC_0dac5.dir/build.make CMakeFiles/cmTC_0dac5.dir/build
make[1]: 进入目录“/cygdrive/d/compile/jerryscript-2.3.0/build/CMakeFiles/CMakeTmp”
Building C object CMakeFiles/cmTC_0dac5.dir/HAVE_UNISTD_H.c.o
/usr/bin/clang   -std=c99 -pedantic -fno-builtin -fno-stack-protector -Wall -Werror=all -Wextra -Werror=extra -Wformat-nonliteral -Werror=format-nonliteral -Winit-self -Werror=init-self -Wconversion -Werror=conversion -Wsign-conversion -Werror=sign-conversion -Wformat-security -Werror=format-security -Wmissing-declarations -Werror=missing-declarations -Wshadow -Werror=shadow -Wstrict-prototypes -Werror=strict-prototypes -Wundef -Werror=undef -Wold-style-definition -Werror=old-style-definition -Wno-stack-protector -Wno-attributes -Werror -Wno-nested-anon-types -Wno-static-in-inline -Wno-error=strict-prototypes -Wno-error=old-style-definition   -D_BSD_SOURCE -D_DEFAULT_SOURCE -o CMakeFiles/cmTC_0dac5.dir/HAVE_UNISTD_H.c.o   -c /cygdrive/d/compile/jerryscript-2.3.0/build/CMakeFiles/CheckIncludeFiles/HAVE_UNISTD_H.c
Linking C executable cmTC_0dac5.exe
/usr/bin/cmake.exe -E cmake_link_script CMakeFiles/cmTC_0dac5.dir/link.txt --verbose=1
/usr/bin/clang  -std=c99 -pedantic -fno-builtin -fno-stack-protector -Wall -Werror=all -Wextra -Werror=extra -Wformat-nonliteral -Werror=format-nonliteral -Winit-self -Werror=init-self -Wconversion -Werror=conversion -Wsign-conversion -Werror=sign-conversion -Wformat-security -Werror=format-security -Wmissing-declarations -Werror=missing-declarations -Wshadow -Werror=shadow -Wstrict-prototypes -Werror=strict-prototypes -Wundef -Werror=undef -Wold-style-definition -Werror=old-style-definition -Wno-stack-protector -Wno-attributes -Werror -Wno-nested-anon-types -Wno-static-in-inline -Wno-error=strict-prototypes -Wno-error=old-style-definition  -Wl,--enable-auto-import  CMakeFiles/cmTC_0dac5.dir/HAVE_UNISTD_H.c.o  -o cmTC_0dac5.exe -Wl,--out-implib,libcmTC_0dac5.dll.a -Wl,--major-image-version,0,--minor-image-version,0 
make[1]: 离开目录“/cygdrive/d/compile/jerryscript-2.3.0/build/CMakeFiles/CMakeTmp”



